# JRE version: Java(TM) SE Runtime Environment (18.0.2+9) (build 18.0.2+9-61)
# Java VM: Java HotSpot(TM) 64-Bit Server VM (18.0.2+9-61, mixed mode, emulated-client, sharing, tiered, compressed oops, compressed class ptrs, g1 gc, windows-amd64)
GC Precious Log:
 CardTable entry size: 512
 Card Set container configuration: InlinePtr #cards 4 size 8 Array Of Cards #cards 16 size 48 Howl #buckets 8 coarsen threshold 3686 Howl Bitmap #cards 512 size 80 coarsen threshold 460 Card regions per heap region 1 cards per card region 4096
 CPUs: 12 total, 12 available
 Memory: 16228M
 Large Page Support: Disabled
 NUMA Support: Disabled
 Compressed Oops: Enabled (Zero based)
 Heap Region Size: 2M
 Heap Min Capacity: 8M
 Heap Initial Capacity: 254M
 Heap Max Capacity: 4058M
 Pre-touch: Disabled
 Parallel Workers: 10
 Concurrent Workers: 3
 Concurrent Refinement Workers: 10
 Periodic GC: Disabled
Heap:
 garbage-first heap   total 471040K, used 234842K [0x0000000702600000, 0x0000000800000000)
  region size 2048K, 67 young (137216K), 1 survivors (2048K)
 Metaspace       used 59543K, committed 60096K, reserved 1114112K
  class space    used 8025K, committed 8320K, reserved 1048576K
GC Heap History (20 events):
Event: 997.678 GC heap after
{Heap after GC invocations=179 (full 5):
 garbage-first heap   total 233472K, used 53377K [0x0000000702600000, 0x0000000800000000)
  region size 2048K, 1 young (2048K), 1 survivors (2048K)
 Metaspace       used 59511K, committed 60096K, reserved 1114112K
  class space    used 8018K, committed 8320K, reserved 1048576K
}
Event: 998.361 GC heap before
{Heap before GC invocations=179 (full 5):
 garbage-first heap   total 233472K, used 225409K [0x0000000702600000, 0x0000000800000000)
  region size 2048K, 56 young (114688K), 1 survivors (2048K)
 Metaspace       used 59511K, committed 60096K, reserved 1114112K
  class space    used 8018K, committed 8320K, reserved 1048576K
}
Event: 998.362 GC heap after
{Heap after GC invocations=180 (full 5):
 garbage-first heap   total 235520K, used 115177K [0x0000000702600000, 0x0000000800000000)
  region size 2048K, 1 young (2048K), 1 survivors (2048K)
 Metaspace       used 59511K, committed 60096K, reserved 1114112K
  class space    used 8018K, committed 8320K, reserved 1048576K
}
Event: 998.382 GC heap before
{Heap before GC invocations=180 (full 5):
 garbage-first heap   total 235520K, used 119273K [0x0000000702600000, 0x0000000800000000)
  region size 2048K, 4 young (8192K), 1 survivors (2048K)
 Metaspace       used 59511K, committed 60096K, reserved 1114112K
  class space    used 8018K, committed 8320K, reserved 1048576K
}
Event: 998.384 GC heap after
{Heap after GC invocations=181 (full 5):
 garbage-first heap   total 235520K, used 47428K [0x0000000702600000, 0x0000000800000000)
  region size 2048K, 1 young (2048K), 1 survivors (2048K)
 Metaspace       used 59511K, committed 60096K, reserved 1114112K
  class space    used 8018K, committed 8320K, reserved 1048576K
}
Event: 998.387 GC heap before
{Heap before GC invocations=181 (full 5):
 garbage-first heap   total 235520K, used 63812K [0x0000000702600000, 0x0000000800000000)
  region size 2048K, 2 young (4096K), 1 survivors (2048K)
 Metaspace       used 59511K, committed 60096K, reserved 1114112K
  class space    used 8018K, committed 8320K, reserved 1048576K
}
Event: 998.389 GC heap after
{Heap after GC invocations=182 (full 5):
 garbage-first heap   total 235520K, used 47158K [0x0000000702600000, 0x0000000800000000)
  region size 2048K, 1 young (2048K), 1 survivors (2048K)
 Metaspace       used 59511K, committed 60096K, reserved 1114112K
  class space    used 8018K, committed 8320K, reserved 1048576K
}
Event: 998.545 GC heap before
{Heap before GC invocations=182 (full 5):
 garbage-first heap   total 235520K, used 79926K [0x0000000702600000, 0x0000000800000000)
  region size 2048K, 17 young (34816K), 1 survivors (2048K)
 Metaspace       used 59511K, committed 60096K, reserved 1114112K
  class space    used 8018K, committed 8320K, reserved 1048576K
}
Event: 998.546 GC heap after
{Heap after GC invocations=183 (full 5):
 garbage-first heap   total 235520K, used 49218K [0x0000000702600000, 0x0000000800000000)
  region size 2048K, 1 young (2048K), 1 survivors (2048K)
 Metaspace       used 59511K, committed 60096K, reserved 1114112K
  class space    used 8018K, committed 8320K, reserved 1048576K
}
Event: 998.549 GC heap before
{Heap before GC invocations=183 (full 5):
 garbage-first heap   total 235520K, used 65602K [0x0000000702600000, 0x0000000800000000)
  region size 2048K, 2 young (4096K), 1 survivors (2048K)
 Metaspace       used 59511K, committed 60096K, reserved 1114112K
  class space    used 8018K, committed 8320K, reserved 1048576K
}
Event: 998.551 GC heap after
{Heap after GC invocations=184 (full 5):
 garbage-first heap   total 471040K, used 47424K [0x0000000702600000, 0x0000000800000000)
  region size 2048K, 1 young (2048K), 1 survivors (2048K)
 Metaspace       used 59511K, committed 60096K, reserved 1114112K
  class space    used 8018K, committed 8320K, reserved 1048576K
}
Event: 999.511 GC heap before
{Heap before GC invocations=184 (full 5):
 garbage-first heap   total 471040K, used 307520K [0x0000000702600000, 0x0000000800000000)
  region size 2048K, 88 young (180224K), 1 survivors (2048K)
 Metaspace       used 59511K, committed 60096K, reserved 1114112K
  class space    used 8018K, committed 8320K, reserved 1048576K
}
Event: 999.513 GC heap after
{Heap after GC invocations=185 (full 5):
 garbage-first heap   total 471040K, used 131585K [0x0000000702600000, 0x0000000800000000)
  region size 2048K, 1 young (2048K), 1 survivors (2048K)
 Metaspace       used 59511K, committed 60096K, reserved 1114112K
  class space    used 8018K, committed 8320K, reserved 1048576K
}
Event: 999.515 GC heap before
{Heap before GC invocations=185 (full 5):
 garbage-first heap   total 471040K, used 145921K [0x0000000702600000, 0x0000000800000000)
  region size 2048K, 2 young (4096K), 1 survivors (2048K)
 Metaspace       used 59511K, committed 60096K, reserved 1114112K
  class space    used 8018K, committed 8320K, reserved 1048576K
}
Event: 999.516 GC heap after
{Heap after GC invocations=186 (full 5):
 garbage-first heap   total 471040K, used 45516K [0x0000000702600000, 0x0000000800000000)
  region size 2048K, 1 young (2048K), 1 survivors (2048K)
 Metaspace       used 59511K, committed 60096K, reserved 1114112K
  class space    used 8018K, committed 8320K, reserved 1048576K
}
Event: 1000.549 GC heap before
{Heap before GC invocations=186 (full 5):
 garbage-first heap   total 471040K, used 324044K [0x0000000702600000, 0x0000000800000000)
  region size 2048K, 93 young (190464K), 1 survivors (2048K)
 Metaspace       used 59511K, committed 60096K, reserved 1114112K
  class space    used 8018K, committed 8320K, reserved 1048576K
}
Event: 1000.551 GC heap after
{Heap after GC invocations=187 (full 5):
 garbage-first heap   total 471040K, used 137860K [0x0000000702600000, 0x0000000800000000)
  region size 2048K, 1 young (2048K), 1 survivors (2048K)
 Metaspace       used 59511K, committed 60096K, reserved 1114112K
  class space    used 8018K, committed 8320K, reserved 1048576K
}
Event: 1000.552 GC heap before
{Heap before GC invocations=187 (full 5):
 garbage-first heap   total 471040K, used 144004K [0x0000000702600000, 0x0000000800000000)
  region size 2048K, 2 young (4096K), 1 survivors (2048K)
 Metaspace       used 59511K, committed 60096K, reserved 1114112K
  class space    used 8018K, committed 8320K, reserved 1048576K
}
Event: 1000.553 GC heap after
{Heap after GC invocations=188 (full 5):
 garbage-first heap   total 471040K, used 37208K [0x0000000702600000, 0x0000000800000000)
  region size 2048K, 1 young (2048K), 1 survivors (2048K)
 Metaspace       used 59511K, committed 60096K, reserved 1114112K
  class space    used 8018K, committed 8320K, reserved 1048576K
}
Event: 1030.058 GC heap before
{Heap before GC invocations=188 (full 5):
 garbage-first heap   total 471040K, used 233816K [0x0000000702600000, 0x0000000800000000)
  region size 2048K, 67 young (137216K), 1 survivors (2048K)
 Metaspace       used 59543K, committed 60096K, reserved 1114112K
  class space    used 8025K, committed 8320K, reserved 1048576K
}

